2020-04-18 13:45:45,121 - instabot version: 0.117.0 (bot) - INFO - Instabot version: 0.117.0 Started
2020-04-18 13:45:45,122 - instabot version: 0.117.0 (bot) - DEBUG - Bot imported from /home/soumya/.local/lib/python3.6/site-packages/instabot/bot/bot.py
2020-04-18 13:45:45,123 - instabot version: 0.117.0 (api_login) - DEBUG - Loading cookies
2020-04-18 13:45:45,123 - instabot version: 0.117.0 (api_login) - DEBUG - Loading uuids
2020-04-18 13:45:45,123 - instabot version: 0.117.0 (api_login) - INFO - Recovery from /home/soumya/Desktop/Python_Insta_botting/bot/profiles/config/photostockin_uuid_and_cookie.json: COOKIE True - UUIDs True - TIMING, DEVICE and ...
- user-agent=Instagram 117.0.0.28.123 Android (28/9.0; 420dpi; 1080x1920; OnePlus; ONEPLUS A3003; OnePlus3; qcom; en_US; 180322800)
- phone_id=e847c49e-3a5c-4be3-8766-5ac0127d46d5
- uuid=3427bb80-d31d-473c-aaf6-760da71fb539
- client_session_id=cc9bbb95-0eca-4f97-9c38-1d1e8f6e0914
- device_id=android-8d90f1a7e493363f
2020-04-18 13:45:45,124 - instabot version: 0.117.0 (api_login) - INFO - LOGIN FLOW! Just logged-in: False
2020-04-18 13:45:46,967 - instabot version: 0.117.0 (api) - DEBUG - POST to endpoint: feed/timeline/ returned response: <Response [200]>
2020-04-18 13:45:47,702 - instabot version: 0.117.0 (api) - DEBUG - POST to endpoint: feed/reels_tray/ returned response: <Response [200]>
2020-04-18 13:45:47,705 - instabot version: 0.117.0 (api) - INFO - Logged-in successfully as 'photostockin'!
2020-04-18 13:45:47,705 - instabot version: 0.117.0 (bot_checkpoint) - DEBUG - Loading Checkpoint file from: /home/soumya/Desktop/Python_Insta_botting/bot/profiles/config/photostockin.checkpoint
2020-04-18 13:46:12,950 - instabot version: 0.117.0 (api) - DEBUG - POST to endpoint: media/configure/? returned response: <Response [200]>
2020-04-18 13:46:13,354 - instabot version: 0.117.0 (api) - DEBUG - POST to endpoint: qe/expose/ returned response: <Response [200]>
2020-04-18 13:46:13,354 - instabot version: 0.117.0 (bot_photo) - INFO - Photo '/home/soumya/Desktop/Python_Insta_botting/bot/profiles/travelsticlife/prod_ready/2018-05-09_06-25-13_UTC.jpg' is uploaded.
2020-04-18 13:47:09,847 - instabot version: 0.117.0 (bot_checkpoint) - DEBUG - Saving Checkpoint file to: /home/soumya/Desktop/Python_Insta_botting/bot/profiles/config/photostockin.checkpoint
2020-04-18 13:47:09,848 - instabot version: 0.117.0 (bot) - INFO - Total requests: 41
