2020-04-20 21:43:33,220 - instabot version: 0.117.0 (bot) - INFO - Instabot version: 0.117.0 Started
2020-04-20 21:43:33,221 - instabot version: 0.117.0 (bot) - DEBUG - Bot imported from /home/soumya/.local/lib/python3.6/site-packages/instabot/bot/bot.py
2020-04-20 21:43:33,221 - instabot version: 0.117.0 (api_login) - DEBUG - Loading cookies
2020-04-20 21:43:33,222 - instabot version: 0.117.0 (api_login) - DEBUG - Loading uuids
2020-04-20 21:43:33,222 - instabot version: 0.117.0 (api_login) - INFO - Recovery from /home/soumya/Desktop/Python_Insta_botting/bot/profiles/config/photostockin_uuid_and_cookie.json: COOKIE True - UUIDs True - TIMING, DEVICE and ...
- user-agent=Instagram 117.0.0.28.123 Android (28/9.0; 420dpi; 1080x1920; OnePlus; ONEPLUS A3003; OnePlus3; qcom; en_US; 180322800)
- phone_id=e847c49e-3a5c-4be3-8766-5ac0127d46d5
- uuid=3427bb80-d31d-473c-aaf6-760da71fb539
- client_session_id=d339d688-99f7-49fb-b579-e338d66e506a
- device_id=android-8d90f1a7e493363f
2020-04-20 21:43:33,222 - instabot version: 0.117.0 (api_login) - INFO - LOGIN FLOW! Just logged-in: False
2020-04-20 21:43:35,450 - instabot version: 0.117.0 (api) - DEBUG - POST to endpoint: feed/timeline/ returned response: <Response [200]>
2020-04-20 21:43:36,081 - instabot version: 0.117.0 (api) - DEBUG - POST to endpoint: feed/reels_tray/ returned response: <Response [200]>
2020-04-20 21:43:36,084 - instabot version: 0.117.0 (api) - INFO - Logged-in successfully as 'photostockin'!
2020-04-20 21:43:36,084 - instabot version: 0.117.0 (bot_checkpoint) - DEBUG - Loading Checkpoint file from: /home/soumya/Desktop/Python_Insta_botting/bot/profiles/config/photostockin.checkpoint
2020-04-20 21:44:01,099 - instabot version: 0.117.0 (api) - DEBUG - POST to endpoint: media/configure/? returned response: <Response [200]>
2020-04-20 21:44:03,149 - instabot version: 0.117.0 (api) - DEBUG - POST to endpoint: qe/expose/ returned response: <Response [200]>
2020-04-20 21:44:03,150 - instabot version: 0.117.0 (bot_photo) - INFO - Photo '/home/soumya/Desktop/Python_Insta_botting/bot/profiles/travelsticlife/prod_ready/2018-05-06_15-08-10_UTC.jpg' is uploaded.
2020-04-20 21:44:35,991 - instabot version: 0.117.0 (bot_checkpoint) - DEBUG - Saving Checkpoint file to: /home/soumya/Desktop/Python_Insta_botting/bot/profiles/config/photostockin.checkpoint
2020-04-20 21:44:35,992 - instabot version: 0.117.0 (bot) - INFO - Total requests: 45
