2020-04-20 21:42:07,257 - instabot version: 0.117.0 (bot) - INFO - Instabot version: 0.117.0 Started
2020-04-20 21:42:07,258 - instabot version: 0.117.0 (bot) - DEBUG - Bot imported from /home/soumya/.local/lib/python3.6/site-packages/instabot/bot/bot.py
2020-04-20 21:42:07,259 - instabot version: 0.117.0 (api_login) - DEBUG - Loading cookies
2020-04-20 21:42:07,260 - instabot version: 0.117.0 (api_login) - DEBUG - Loading uuids
2020-04-20 21:42:07,260 - instabot version: 0.117.0 (api_login) - INFO - Recovery from /home/soumya/Desktop/Python_Insta_botting/bot/profiles/config/photostockin_uuid_and_cookie.json: COOKIE True - UUIDs True - TIMING, DEVICE and ...
- user-agent=Instagram 117.0.0.28.123 Android (28/9.0; 420dpi; 1080x1920; OnePlus; ONEPLUS A3003; OnePlus3; qcom; en_US; 180322800)
- phone_id=e847c49e-3a5c-4be3-8766-5ac0127d46d5
- uuid=3427bb80-d31d-473c-aaf6-760da71fb539
- client_session_id=614f5196-693c-497d-b07f-fb7ae987ad02
- device_id=android-8d90f1a7e493363f
2020-04-20 21:42:07,260 - instabot version: 0.117.0 (api_login) - INFO - LOGIN FLOW! Just logged-in: False
2020-04-20 21:42:09,146 - instabot version: 0.117.0 (api) - DEBUG - POST to endpoint: feed/timeline/ returned response: <Response [200]>
2020-04-20 21:42:09,830 - instabot version: 0.117.0 (api) - DEBUG - POST to endpoint: feed/reels_tray/ returned response: <Response [200]>
2020-04-20 21:42:11,117 - instabot version: 0.117.0 (api) - DEBUG - POST to endpoint: direct_v2/ranked_recipients/ returned response: <Response [200]>
2020-04-20 21:42:13,132 - instabot version: 0.117.0 (api) - DEBUG - POST to endpoint: direct_v2/ranked_recipients/ returned response: <Response [200]>
2020-04-20 21:42:13,945 - instabot version: 0.117.0 (api) - DEBUG - POST to endpoint: direct_v2/inbox/ returned response: <Response [200]>
2020-04-20 21:42:15,116 - instabot version: 0.117.0 (api) - DEBUG - GET to endpoint: direct_v2/get_presence/ returned response: <Response [200]>
2020-04-20 21:42:17,172 - instabot version: 0.117.0 (api) - DEBUG - GET to endpoint: news/inbox/?limited_activity=true&show_su=true returned response: <Response [200]>
2020-04-20 21:42:17,598 - instabot version: 0.117.0 (api) - DEBUG - GET to endpoint: users/profile_notice/ returned response: <Response [200]>
2020-04-20 21:42:20,155 - instabot version: 0.117.0 (api) - DEBUG - POST to endpoint: discover/explore/ returned response: <Response [200]>
2020-04-20 21:42:20,167 - instabot version: 0.117.0 (api) - INFO - Logged-in successfully as 'photostockin'!
2020-04-20 21:42:20,167 - instabot version: 0.117.0 (bot_checkpoint) - DEBUG - Loading Checkpoint file from: /home/soumya/Desktop/Python_Insta_botting/bot/profiles/config/photostockin.checkpoint
2020-04-20 21:42:22,018 - instabot version: 0.117.0 (api_photo) - ERROR - Photo does not have a compatible photo aspect ratio.
2020-04-20 21:42:22,018 - instabot version: 0.117.0 (bot_photo) - INFO - Photo '/home/soumya/Desktop/Python_Insta_botting/bot/profiles/travelsticlife/prod_ready/2018-04-27_14-45-10_UTC.jpg' is not uploaded.
