2020-04-18 19:48:04,573 - instabot version: 0.117.0 (bot) - INFO - Instabot version: 0.117.0 Started
2020-04-18 19:48:04,574 - instabot version: 0.117.0 (bot) - DEBUG - Bot imported from /home/soumya/.local/lib/python3.6/site-packages/instabot/bot/bot.py
2020-04-18 19:48:04,575 - instabot version: 0.117.0 (api_login) - DEBUG - Loading cookies
2020-04-18 19:48:04,576 - instabot version: 0.117.0 (api_login) - DEBUG - Loading uuids
2020-04-18 19:48:04,576 - instabot version: 0.117.0 (api_login) - INFO - Recovery from /home/soumya/Desktop/Python_Insta_botting/bot/profiles/config/photostockin_uuid_and_cookie.json: COOKIE True - UUIDs True - TIMING, DEVICE and ...
- user-agent=Instagram 117.0.0.28.123 Android (28/9.0; 420dpi; 1080x1920; OnePlus; ONEPLUS A3003; OnePlus3; qcom; en_US; 180322800)
- phone_id=e847c49e-3a5c-4be3-8766-5ac0127d46d5
- uuid=3427bb80-d31d-473c-aaf6-760da71fb539
- client_session_id=5f3219e4-7098-4030-98f4-c91f2a497a23
- device_id=android-8d90f1a7e493363f
2020-04-18 19:48:04,577 - instabot version: 0.117.0 (api_login) - INFO - LOGIN FLOW! Just logged-in: False
2020-04-18 19:48:05,784 - instabot version: 0.117.0 (api) - DEBUG - POST to endpoint: feed/timeline/ returned response: <Response [200]>
2020-04-18 19:48:07,563 - instabot version: 0.117.0 (api) - DEBUG - POST to endpoint: feed/reels_tray/ returned response: <Response [200]>
2020-04-18 19:48:09,226 - instabot version: 0.117.0 (api) - DEBUG - POST to endpoint: direct_v2/ranked_recipients/ returned response: <Response [200]>
2020-04-18 19:48:10,481 - instabot version: 0.117.0 (api) - DEBUG - POST to endpoint: direct_v2/ranked_recipients/ returned response: <Response [200]>
2020-04-18 19:48:11,599 - instabot version: 0.117.0 (api) - DEBUG - POST to endpoint: direct_v2/inbox/ returned response: <Response [200]>
2020-04-18 19:48:12,096 - instabot version: 0.117.0 (api) - DEBUG - GET to endpoint: direct_v2/get_presence/ returned response: <Response [200]>
2020-04-18 19:48:13,522 - instabot version: 0.117.0 (api) - DEBUG - GET to endpoint: news/inbox/?limited_activity=true&show_su=true returned response: <Response [200]>
2020-04-18 19:48:14,894 - instabot version: 0.117.0 (api) - DEBUG - GET to endpoint: users/profile_notice/ returned response: <Response [200]>
2020-04-18 19:48:15,342 - instabot version: 0.117.0 (api) - DEBUG - POST to endpoint: discover/explore/ returned response: <Response [200]>
2020-04-18 19:48:15,348 - instabot version: 0.117.0 (api) - INFO - Logged-in successfully as 'photostockin'!
2020-04-18 19:48:15,348 - instabot version: 0.117.0 (bot_checkpoint) - DEBUG - Loading Checkpoint file from: /home/soumya/Desktop/Python_Insta_botting/bot/profiles/config/photostockin.checkpoint
2020-04-18 19:48:37,563 - instabot version: 0.117.0 (api) - DEBUG - POST to endpoint: media/configure/? returned response: <Response [200]>
2020-04-18 19:48:39,559 - instabot version: 0.117.0 (api) - DEBUG - POST to endpoint: qe/expose/ returned response: <Response [200]>
2020-04-18 19:48:39,559 - instabot version: 0.117.0 (bot_photo) - INFO - Photo '/home/soumya/Desktop/Python_Insta_botting/bot/profiles/travelsticlife/prod_ready/2018-04-16_14-45-43_UTC.jpg' is uploaded.
2020-04-18 19:56:44,745 - instabot version: 0.117.0 (bot_checkpoint) - DEBUG - Saving Checkpoint file to: /home/soumya/Desktop/Python_Insta_botting/bot/profiles/config/photostockin.checkpoint
2020-04-18 19:56:44,746 - instabot version: 0.117.0 (bot) - INFO - Total requests: 45
2020-04-18 19:56:44,747 - instabot version: 0.117.0 (bot_checkpoint) - DEBUG - Saving Checkpoint file to: /home/soumya/Desktop/Python_Insta_botting/bot/profiles/config/photostockin.checkpoint
2020-04-18 19:56:44,748 - instabot version: 0.117.0 (bot) - INFO - Total requests: 45
2020-04-18 19:56:44,748 - instabot version: 0.117.0 (bot_checkpoint) - DEBUG - Saving Checkpoint file to: /home/soumya/Desktop/Python_Insta_botting/bot/profiles/config/photostockin.checkpoint
2020-04-18 19:56:44,749 - instabot version: 0.117.0 (bot) - INFO - Total requests: 45
2020-04-18 19:56:44,750 - instabot version: 0.117.0 (bot_checkpoint) - DEBUG - Saving Checkpoint file to: /home/soumya/Desktop/Python_Insta_botting/bot/profiles/config/photostockin.checkpoint
2020-04-18 19:56:44,750 - instabot version: 0.117.0 (bot) - INFO - Total requests: 45
2020-04-18 19:56:44,751 - instabot version: 0.117.0 (bot_checkpoint) - DEBUG - Saving Checkpoint file to: /home/soumya/Desktop/Python_Insta_botting/bot/profiles/config/photostockin.checkpoint
2020-04-18 19:56:44,752 - instabot version: 0.117.0 (bot) - INFO - Total requests: 43
