2020-04-20 21:40:01,695 - instabot version: 0.117.0 (bot) - INFO - Instabot version: 0.117.0 Started
2020-04-20 21:40:01,695 - instabot version: 0.117.0 (bot) - DEBUG - Bot imported from /home/soumya/.local/lib/python3.6/site-packages/instabot/bot/bot.py
2020-04-20 21:40:01,702 - instabot version: 0.117.0 (api_login) - DEBUG - Loading cookies
2020-04-20 21:40:01,703 - instabot version: 0.117.0 (api_login) - DEBUG - Loading uuids
2020-04-20 21:40:01,703 - instabot version: 0.117.0 (api_login) - INFO - Recovery from /home/soumya/Desktop/Python_Insta_botting/photos/config/punny.sideup_uuid_and_cookie.json: COOKIE True - UUIDs True - TIMING, DEVICE and ...
- user-agent=Instagram 117.0.0.28.123 Android (28/9.0; 420dpi; 1080x1920; OnePlus; ONEPLUS A3003; OnePlus3; qcom; en_US; 180322800)
- phone_id=34394160-9b88-4d4b-a10f-41c06506bff3
- uuid=fdd0abc0-2414-419d-8a9e-d8b5794bcf37
- client_session_id=84d5ac6e-1c8d-4098-afe1-cf61a3778431
- device_id=android-29d513feaffc734f
2020-04-20 21:40:01,703 - instabot version: 0.117.0 (api_login) - INFO - LOGIN FLOW! Just logged-in: False
2020-04-20 21:40:04,220 - instabot version: 0.117.0 (api) - DEBUG - POST to endpoint: feed/timeline/ returned response: <Response [200]>
2020-04-20 21:40:06,122 - instabot version: 0.117.0 (api) - DEBUG - POST to endpoint: feed/reels_tray/ returned response: <Response [200]>
2020-04-20 21:40:08,106 - instabot version: 0.117.0 (api) - DEBUG - POST to endpoint: direct_v2/ranked_recipients/ returned response: <Response [200]>
2020-04-20 21:40:08,566 - instabot version: 0.117.0 (api) - DEBUG - POST to endpoint: direct_v2/ranked_recipients/ returned response: <Response [200]>
2020-04-20 21:40:10,092 - instabot version: 0.117.0 (api) - DEBUG - POST to endpoint: direct_v2/inbox/ returned response: <Response [200]>
2020-04-20 21:40:10,578 - instabot version: 0.117.0 (api) - DEBUG - GET to endpoint: direct_v2/get_presence/ returned response: <Response [200]>
2020-04-20 21:40:12,144 - instabot version: 0.117.0 (api) - DEBUG - GET to endpoint: news/inbox/?limited_activity=true&show_su=true returned response: <Response [200]>
2020-04-20 21:40:14,122 - instabot version: 0.117.0 (api) - DEBUG - GET to endpoint: users/profile_notice/ returned response: <Response [200]>
2020-04-20 21:40:14,595 - instabot version: 0.117.0 (api) - DEBUG - POST to endpoint: discover/explore/ returned response: <Response [200]>
2020-04-20 21:40:14,600 - instabot version: 0.117.0 (api) - INFO - Logged-in successfully as 'punny.sideup'!
2020-04-20 21:40:14,600 - instabot version: 0.117.0 (bot_checkpoint) - DEBUG - Loading Checkpoint file from: /home/soumya/Desktop/Python_Insta_botting/photos/config/punny.sideup.checkpoint
2020-04-20 21:40:34,127 - instabot version: 0.117.0 (api) - DEBUG - POST to endpoint: media/configure/? returned response: <Response [200]>
2020-04-20 21:40:34,569 - instabot version: 0.117.0 (api) - DEBUG - POST to endpoint: qe/expose/ returned response: <Response [200]>
2020-04-20 21:40:34,570 - instabot version: 0.117.0 (bot_photo) - INFO - Photo '/home/soumya/Desktop/Python_Insta_botting/photos/0420_01.jpg' is uploaded.
2020-04-20 21:40:51,335 - instabot version: 0.117.0 (bot_checkpoint) - DEBUG - Saving Checkpoint file to: /home/soumya/Desktop/Python_Insta_botting/photos/config/punny.sideup.checkpoint
2020-04-20 21:40:51,336 - instabot version: 0.117.0 (bot) - INFO - Total requests: 37
