2020-03-06 01:01:43,097 - instabot version: 0.112.0 (bot) - INFO - Instabot version: 0.112.0 Started
2020-03-06 01:01:43,097 - instabot version: 0.112.0 (bot) - DEBUG - Bot imported from /usr/local/lib/python2.7/dist-packages/instabot/bot/bot.pyc
2020-03-06 01:01:44,541 - instabot version: 0.112.0 (api_login) - INFO - Not yet logged in starting: PRE-LOGIN FLOW!
2020-03-06 01:01:45,426 - instabot version: 0.112.0 (api) - DEBUG - POST to endpoint: accounts/get_prefill_candidates/ returned response: <Response [200]>
2020-03-06 01:01:46,625 - instabot version: 0.112.0 (api) - DEBUG - POST to endpoint: qe/sync/ returned response: <Response [200]>
2020-03-06 01:01:47,618 - instabot version: 0.112.0 (api) - DEBUG - POST to endpoint: launcher/sync/ returned response: <Response [200]>
2020-03-06 01:01:48,046 - instabot version: 0.112.0 (api) - DEBUG - POST to endpoint: accounts/contact_point_prefill/ returned response: <Response [200]>
2020-03-06 01:01:49,706 - instabot version: 0.112.0 (api) - DEBUG - POST to endpoint: accounts/login/ returned response: <Response [200]>
2020-03-06 01:01:49,706 - instabot version: 0.112.0 (api) - INFO - Logged-in successfully as 'photostockin'!
2020-03-06 01:01:49,706 - instabot version: 0.112.0 (api_login) - INFO - LOGIN FLOW! Just logged-in: True
2020-03-06 01:01:51,594 - instabot version: 0.112.0 (api) - DEBUG - POST to endpoint: qe/sync/ returned response: <Response [200]>
2020-03-06 01:01:52,033 - instabot version: 0.112.0 (api) - DEBUG - POST to endpoint: launcher/sync/ returned response: <Response [200]>
2020-03-06 01:01:53,634 - instabot version: 0.112.0 (api) - DEBUG - GET to endpoint: zr/token/result/?device_id=android-8d90f1a7e493363f&token_hash=&custom_device_id=android-8d90f1a7e493363f&fetch_reason=token_expired returned response: <Response [200]>
2020-03-06 01:01:54,038 - instabot version: 0.112.0 (api) - DEBUG - GET to endpoint: multiple_accounts/get_account_family/ returned response: <Response [200]>
2020-03-06 01:01:54,624 - instabot version: 0.112.0 (api) - DEBUG - POST to endpoint: qe/sync/ returned response: <Response [200]>
2020-03-06 01:01:55,426 - instabot version: 0.112.0 (api) - DEBUG - GET to endpoint: igtv/browse_feed/?prefetch=1 returned response: <Response [200]>
2020-03-06 01:01:56,641 - instabot version: 0.112.0 (api) - DEBUG - POST to endpoint: creatives/ar_class/ returned response: <Response [200]>
2020-03-06 01:01:57,507 - instabot version: 0.112.0 (api) - DEBUG - POST to endpoint: feed/reels_tray/ returned response: <Response [200]>
2020-03-06 01:01:58,987 - instabot version: 0.112.0 (api) - DEBUG - POST to endpoint: feed/timeline/ returned response: <Response [200]>
2020-03-06 01:01:59,987 - instabot version: 0.112.0 (api) - DEBUG - GET to endpoint: media/blocked/ returned response: <Response [200]>
2020-03-06 01:02:01,103 - instabot version: 0.112.0 (api) - DEBUG - GET to endpoint: news/inbox/ returned response: <Response [200]>
2020-03-06 01:02:01,533 - instabot version: 0.112.0 (api) - DEBUG - GET to endpoint: loom/fetch_config/ returned response: <Response [200]>
2020-03-06 01:02:02,324 - instabot version: 0.112.0 (api) - DEBUG - GET to endpoint: scores/bootstrap/users/?surfaces=["autocomplete_user_list","coefficient_besties_list_ranking","coefficient_rank_recipient_user_suggestion","coefficient_ios_section_test_bootstrap_ranking","coefficient_direct_recipients_ranking_variant_2"] returned response: <Response [200]>
2020-03-06 01:02:03,616 - instabot version: 0.112.0 (api) - DEBUG - GET to endpoint: business/eligibility/get_monetization_products_eligibility_data/?product_types=branded_content returned response: <Response [200]>
2020-03-06 01:02:04,610 - instabot version: 0.112.0 (api) - DEBUG - GET to endpoint: business/branded_content/should_require_professional_account/ returned response: <Response [200]>
2020-03-06 01:02:04,982 - instabot version: 0.112.0 (api) - DEBUG - GET to endpoint: linked_accounts/get_linkage_status/ returned response: <Response [200]>
2020-03-06 01:02:05,998 - instabot version: 0.112.0 (api) - DEBUG - GET to endpoint: locations/request_country/ returned response: <Response [200]>
2020-03-06 01:02:07,620 - instabot version: 0.112.0 (api) - DEBUG - GET to endpoint: qp/get_cooldowns/?signed_body=signed_body=4b9c516a5410a3bc128e09c6104a7f042146b9c2023870560c63a43a7f66781c.4&ig_sig_key_version=4&ig_sig_key_version=4 returned response: <Response [200]>
2020-03-06 01:02:07,996 - instabot version: 0.112.0 (api) - DEBUG - GET to endpoint: users/arlink_download_info/?version_override=2.2.1 returned response: <Response [200]>
2020-03-06 01:02:08,995 - instabot version: 0.112.0 (api) - DEBUG - GET to endpoint: users/27776086740/info/ returned response: <Response [200]>
2020-03-06 01:02:09,990 - instabot version: 0.112.0 (api) - DEBUG - GET to endpoint: direct_v2/get_presence/ returned response: <Response [200]>
2020-03-06 01:02:11,597 - instabot version: 0.112.0 (api) - DEBUG - GET to endpoint: direct_v2/inbox/?visual_message_return_type=unseen&thread_message_limit=10&persistentBadging=true&limit=20 returned response: <Response [200]>
2020-03-06 01:02:12,601 - instabot version: 0.112.0 (api) - DEBUG - GET to endpoint: direct_v2/inbox/?visual_message_return_type=unseen&persistentBadging=true&limit=0 returned response: <Response [200]>
2020-03-06 01:02:15,039 - instabot version: 0.112.0 (api) - DEBUG - GET to endpoint: discover/topical_explore/?is_prefetch=true&omit_cover_media=true&use_sectional_payload=true&timezone_offset=0&session_id=f65ffb1b-ab68-4866-8dd1-da2d354ac37c&include_fixed_destinations=true returned response: <Response [200]>
2020-03-06 01:02:15,443 - instabot version: 0.112.0 (api) - DEBUG - POST to endpoint: notifications/badge/ returned response: <Response [200]>
2020-03-06 01:02:16,639 - instabot version: 0.112.0 (api) - DEBUG - POST to endpoint: qp/batch_fetch/ returned response: <Response [200]>
2020-03-06 01:02:16,640 - instabot version: 0.112.0 (bot_checkpoint) - DEBUG - Loading Checkpoint file from: /home/soumya/Desktop/Python Insta botting/config/photostockin.checkpoint
2020-03-06 01:02:17,598 - instabot version: 0.112.0 (api) - DEBUG - GET to endpoint: users/photostockin/usernameinfo/ returned response: <Response [200]>
2020-03-06 01:02:19,655 - instabot version: 0.112.0 (api) - DEBUG - GET to endpoint: feed/user/27776086740/?max_id=&min_timestamp=None&rank_token=27776086740_cea63fcb-145a-4772-8516-a3396fe3d3d5&ranked_content=true returned response: <Response [200]>
2020-03-06 01:02:20,257 - instabot version: 0.112.0 (api) - DEBUG - GET to endpoint: feed/user/27776086740/?max_id=2248517494769893439_27776086740&min_timestamp=None&rank_token=27776086740_cea63fcb-145a-4772-8516-a3396fe3d3d5&ranked_content=true returned response: <Response [200]>
2020-03-06 01:02:21,635 - instabot version: 0.112.0 (api) - DEBUG - GET to endpoint: feed/user/27776086740/?max_id=2244486831559619524_27776086740&min_timestamp=None&rank_token=27776086740_cea63fcb-145a-4772-8516-a3396fe3d3d5&ranked_content=true returned response: <Response [200]>
2020-03-06 01:02:22,606 - instabot version: 0.112.0 (api) - DEBUG - GET to endpoint: feed/user/27776086740/?max_id=2242450890233955686_27776086740&min_timestamp=None&rank_token=27776086740_cea63fcb-145a-4772-8516-a3396fe3d3d5&ranked_content=true returned response: <Response [200]>
2020-03-06 01:02:24,575 - instabot version: 0.112.0 (api) - DEBUG - GET to endpoint: feed/user/27776086740/?max_id=2241590324657204661_27776086740&min_timestamp=None&rank_token=27776086740_cea63fcb-145a-4772-8516-a3396fe3d3d5&ranked_content=true returned response: <Response [200]>
2020-03-06 01:02:25,207 - instabot version: 0.112.0 (api) - DEBUG - GET to endpoint: feed/user/27776086740/?max_id=2240452316272890066_27776086740&min_timestamp=None&rank_token=27776086740_cea63fcb-145a-4772-8516-a3396fe3d3d5&ranked_content=true returned response: <Response [200]>
2020-03-06 01:02:26,648 - instabot version: 0.112.0 (api) - DEBUG - GET to endpoint: feed/user/27776086740/?max_id=2239304750361665109_27776086740&min_timestamp=None&rank_token=27776086740_cea63fcb-145a-4772-8516-a3396fe3d3d5&ranked_content=true returned response: <Response [200]>
2020-03-06 01:02:26,654 - instabot version: 0.112.0 (bot_photo) - INFO - Going to download 114 medias.
2020-03-06 01:02:30,625 - instabot version: 0.112.0 (api) - DEBUG - GET to endpoint: media/2256820007415673435_27776086740/info/ returned response: <Response [200]>
2020-03-06 01:02:43,590 - instabot version: 0.112.0 (api) - DEBUG - GET to endpoint: media/2250428799156206614_27776086740/info/ returned response: <Response [200]>
2020-03-06 01:02:56,831 - instabot version: 0.112.0 (api) - DEBUG - GET to endpoint: media/2250420937184888598_27776086740/info/ returned response: <Response [200]>
2020-03-06 01:03:11,654 - instabot version: 0.112.0 (api) - DEBUG - GET to endpoint: media/2250413119631308607_27776086740/info/ returned response: <Response [200]>
2020-03-06 01:03:25,631 - instabot version: 0.112.0 (api) - DEBUG - GET to endpoint: media/2250405297866782050_27776086740/info/ returned response: <Response [200]>
2020-03-06 01:03:39,586 - instabot version: 0.112.0 (api) - DEBUG - GET to endpoint: media/2250397451674616691_27776086740/info/ returned response: <Response [200]>
2020-03-06 01:03:52,001 - instabot version: 0.112.0 (api) - DEBUG - GET to endpoint: media/2250389633173107160_27776086740/info/ returned response: <Response [200]>
2020-03-06 01:04:06,592 - instabot version: 0.112.0 (api) - DEBUG - GET to endpoint: media/2250381800125854685_27776086740/info/ returned response: <Response [200]>
2020-03-06 01:04:19,648 - instabot version: 0.112.0 (api) - DEBUG - GET to endpoint: media/2250373982983510593_27776086740/info/ returned response: <Response [200]>
2020-03-06 01:04:33,599 - instabot version: 0.112.0 (api) - DEBUG - GET to endpoint: media/2250366157897055203_27776086740/info/ returned response: <Response [200]>
2020-03-06 01:04:47,617 - instabot version: 0.112.0 (api) - DEBUG - GET to endpoint: media/2250358308013835277_27776086740/info/ returned response: <Response [200]>
2020-03-06 01:05:02,636 - instabot version: 0.112.0 (api) - DEBUG - GET to endpoint: media/2250322105759545388_27776086740/info/ returned response: <Response [200]>
2020-03-06 01:05:09,822 - instabot version: 0.112.0 (bot_checkpoint) - DEBUG - Saving Checkpoint file to: /home/soumya/Desktop/Python Insta botting/config/photostockin.checkpoint
2020-03-06 01:05:09,823 - instabot version: 0.112.0 (bot) - INFO - Total requests: 51
