2020-04-22 23:37:02,049 - instabot version: 0.117.0 (bot) - INFO - Instabot version: 0.117.0 Started
2020-04-22 23:37:02,049 - instabot version: 0.117.0 (bot) - DEBUG - Bot imported from /home/soumya/.local/lib/python3.6/site-packages/instabot/bot/bot.py
2020-04-22 23:37:04,355 - instabot version: 0.117.0 (api_login) - DEBUG - Loading cookies
2020-04-22 23:37:04,356 - instabot version: 0.117.0 (api_login) - DEBUG - Loading uuids
2020-04-22 23:37:04,356 - instabot version: 0.117.0 (api_login) - INFO - Recovery from /home/soumya/Desktop/Python_Insta_botting/bot/config/photostockin_uuid_and_cookie.json: COOKIE True - UUIDs True - TIMING, DEVICE and ...
- user-agent=Instagram 117.0.0.28.123 Android (28/9.0; 420dpi; 1080x1920; OnePlus; ONEPLUS A3003; OnePlus3; qcom; en_US; 180322800)
- phone_id=4a283342-0992-473e-a76c-fcdd3f7cebe6
- uuid=1eb343dd-2d83-4da6-a60e-24f63a3dd796
- client_session_id=5ec4aad0-b7c8-47eb-b466-7fdfd98dac70
- device_id=android-8d90f1a7e493363f
2020-04-22 23:37:04,357 - instabot version: 0.117.0 (api_login) - INFO - LOGIN FLOW! Just logged-in: False
2020-04-22 23:37:06,415 - instabot version: 0.117.0 (api) - DEBUG - POST to endpoint: feed/timeline/ returned response: <Response [200]>
2020-04-22 23:37:07,141 - instabot version: 0.117.0 (api) - DEBUG - POST to endpoint: feed/reels_tray/ returned response: <Response [200]>
2020-04-22 23:37:07,777 - instabot version: 0.117.0 (api) - DEBUG - POST to endpoint: direct_v2/ranked_recipients/ returned response: <Response [200]>
2020-04-22 23:37:08,756 - instabot version: 0.117.0 (api) - DEBUG - POST to endpoint: direct_v2/ranked_recipients/ returned response: <Response [200]>
2020-04-22 23:37:09,488 - instabot version: 0.117.0 (api) - DEBUG - POST to endpoint: direct_v2/inbox/ returned response: <Response [200]>
2020-04-22 23:37:10,330 - instabot version: 0.117.0 (api) - DEBUG - GET to endpoint: direct_v2/get_presence/ returned response: <Response [200]>
2020-04-22 23:37:11,189 - instabot version: 0.117.0 (api) - DEBUG - GET to endpoint: news/inbox/?limited_activity=true&show_su=true returned response: <Response [200]>
2020-04-22 23:37:11,607 - instabot version: 0.117.0 (api) - DEBUG - GET to endpoint: users/profile_notice/ returned response: <Response [200]>
2020-04-22 23:37:13,532 - instabot version: 0.117.0 (api) - DEBUG - POST to endpoint: discover/explore/ returned response: <Response [200]>
2020-04-22 23:37:13,546 - instabot version: 0.117.0 (api) - INFO - Logged-in successfully as 'photostockin'!
2020-04-22 23:37:13,547 - instabot version: 0.117.0 (bot_checkpoint) - DEBUG - Loading Checkpoint file from: /home/soumya/Desktop/Python_Insta_botting/bot/config/photostockin.checkpoint
2020-04-22 23:37:14,119 - instabot version: 0.117.0 (api) - DEBUG - GET to endpoint: users/i.arkadip/usernameinfo/ returned response: <Response [200]>
2020-04-22 23:37:16,272 - instabot version: 0.117.0 (api) - DEBUG - GET to endpoint: users/3756434251/info/ returned response: <Response [200]>
2020-04-22 23:37:17,152 - instabot version: 0.117.0 (api) - DEBUG - GET to endpoint: friendships/3756434251/followers/?rank_token=27776086740_1eb343dd-2d83-4da6-a60e-24f63a3dd796 returned response: <Response [200]>
2020-04-22 23:37:17,779 - instabot version: 0.117.0 (api) - DEBUG - GET to endpoint: friendships/3756434251/followers/?rank_token=27776086740_1eb343dd-2d83-4da6-a60e-24f63a3dd796&max_id=QVFDbktEc1BnYmR1TEt2UXBEM2h2cXkwZW1CSVA1N05xeHhCUFhlaUVwS05ZSFpWNFcyb2ZKWDZtU2EyTzZoVDZhVVdpMFVTcHNCMDJBMGdURXVuMWhqQw== returned response: <Response [200]>
2020-04-22 23:37:18,269 - instabot version: 0.117.0 (api) - DEBUG - GET to endpoint: friendships/3756434251/followers/?rank_token=27776086740_1eb343dd-2d83-4da6-a60e-24f63a3dd796&max_id=QVFEb0c4UWZwTVZlY3RxN0pjZEYzbWJIQWxDVUxnbWNLeUo5MUQzWmFoOEpqRlVkck8zQTFRVUhfa2lTQ0J1ZGNMZWhEbEZBa0pNcFlaeHM0a25DTlZXeQ== returned response: <Response [200]>
2020-04-22 23:37:19,006 - instabot version: 0.117.0 (api) - DEBUG - GET to endpoint: friendships/3756434251/followers/?rank_token=27776086740_1eb343dd-2d83-4da6-a60e-24f63a3dd796&max_id=QVFBbVp0OGJhMGRZUHJqejJ1RWlQZGJrTkwyRTU5N3ZRUDBicTByMm1mQWdYTkpYU04tT0Y0MnNRcEFFVGVleldtSFNvMm9jOE1xWVZ2em1jSUI5ZmV3Nw== returned response: <Response [200]>
2020-04-22 23:37:19,654 - instabot version: 0.117.0 (api) - DEBUG - GET to endpoint: friendships/3756434251/followers/?rank_token=27776086740_1eb343dd-2d83-4da6-a60e-24f63a3dd796&max_id=QVFCWnZDNF9iZHF1cGZyMGM1bV9Td0pManpwMXA0YTc2dXIxWFdqNDFfVzV0LXZsQXFKdktYTmNya05uVGV2TkZlbE9XaGE4XzNYaEpuYllGSHhUWU53cQ== returned response: <Response [200]>
2020-04-22 23:37:20,443 - instabot version: 0.117.0 (api) - DEBUG - GET to endpoint: friendships/3756434251/followers/?rank_token=27776086740_1eb343dd-2d83-4da6-a60e-24f63a3dd796&max_id=QVFCbUFiYXlWd0FyUmlYRlBBeVc4LUU1YnptTjB2WVRFSEJkX1d3cjlwN0stVVh2N284SmVtTTNlbWhTNmZTTTZWcnRLeGtROE1HU21qZGhjcDhDWHpybg== returned response: <Response [200]>
2020-04-22 23:37:21,013 - instabot version: 0.117.0 (api) - DEBUG - GET to endpoint: friendships/3756434251/followers/?rank_token=27776086740_1eb343dd-2d83-4da6-a60e-24f63a3dd796&max_id=QVFEdnpMUDVfX2VlSk5OeWttODNnbzJsZEg0ck1Lemt2UWxMMmV4R05zRlNnNFdocWNpWFBnSlNCRjhuOTBoZlVmYWdhdUpMSERmb29FQmdZajJrYTBmdg== returned response: <Response [200]>
2020-04-22 23:37:21,549 - instabot version: 0.117.0 (api) - DEBUG - GET to endpoint: friendships/3756434251/followers/?rank_token=27776086740_1eb343dd-2d83-4da6-a60e-24f63a3dd796&max_id=QVFEeW5RMDE1RVZCZlIxVndwMzcwZFByN0dCYVM4X0RVZ2NIQmNUMHJaMHhzWWhYSmxhYUpIU2xjbUptcEF2Mzk1dWFKek1yNkN4OG1nM2N2VkdDSWtwbw== returned response: <Response [200]>
2020-04-22 23:37:22,736 - instabot version: 0.117.0 (api) - DEBUG - GET to endpoint: friendships/3756434251/followers/?rank_token=27776086740_1eb343dd-2d83-4da6-a60e-24f63a3dd796&max_id=QVFBWWpFdmJabTU4WTJuTUZhb3JGa3FrYkpydjBMYVNTb0JEY1JFWEpDQVV2blhlcXRaMlRZTWxhc2ZuSERCakxnZ3NwY2lZWkpWUGFyb2hTbWpXQzBGRg== returned response: <Response [200]>
2020-04-22 23:37:23,801 - instabot version: 0.117.0 (api) - DEBUG - GET to endpoint: friendships/3756434251/followers/?rank_token=27776086740_1eb343dd-2d83-4da6-a60e-24f63a3dd796&max_id=QVFCQ1JKVzNvcUpZWjA0NXBfN2pTUjBLbWNhMHNuZVBuTUVoZ25ITkMxR1ZodWFucmwtT05DNWgzQjRaMk9Qb1A3N3VmT2lDekRpY1VPSWdrYzNZU2JLNQ== returned response: <Response [200]>
2020-04-22 23:37:24,934 - instabot version: 0.117.0 (api) - DEBUG - GET to endpoint: friendships/3756434251/followers/?rank_token=27776086740_1eb343dd-2d83-4da6-a60e-24f63a3dd796&max_id=QVFCWU5YZUpvaW8wREFQbkF5QmtYTkxLaHYxVVJhU0VEYk5lX1BESXloUk9tMnRGbUxMa1RPNkpUMzZYMl94OVNuSUpGOXZQWUplTlJJSm4yZTFmejB2Sg== returned response: <Response [200]>
2020-04-22 23:37:25,466 - instabot version: 0.117.0 (api) - DEBUG - GET to endpoint: friendships/3756434251/followers/?rank_token=27776086740_1eb343dd-2d83-4da6-a60e-24f63a3dd796&max_id=QVFCN0JiWWRySG5DVU5NbUY4TlFqY1JSUndxUE1WMlNQejVMQm9IX3ZJUzFvby0tb0RLYkdEMFc3X01pWk1oWmJtUENwd1Y4UWE3OURPY0JqQmtuckJqbQ== returned response: <Response [200]>
2020-04-22 23:37:25,973 - instabot version: 0.117.0 (api) - DEBUG - GET to endpoint: friendships/3756434251/followers/?rank_token=27776086740_1eb343dd-2d83-4da6-a60e-24f63a3dd796&max_id=QVFBcDhYdmtSVXhzS3gzNjl3LXl6WF95QlRWUHEzT0x5VEdUTlMwQ21IUVhhTDdVRGJNZmxNM19Bc1luX2ZCTXVUVXY5R0o1X184S3VpRmNQYXgwZkVLSQ== returned response: <Response [200]>
2020-04-22 23:37:26,899 - instabot version: 0.117.0 (api) - DEBUG - GET to endpoint: friendships/3756434251/followers/?rank_token=27776086740_1eb343dd-2d83-4da6-a60e-24f63a3dd796&max_id=QVFEVjhmU3czeFUzaWhXTWNSTDJLSlB5S0RQRmljZ3FlRWRUZldIcU4xSHBZSzZlQU5rRVRDRGFBUWNLOHR4dHlhTGVqemswZ1hyNzdoZVNZbUo0N04zUQ== returned response: <Response [200]>
2020-04-22 23:37:28,035 - instabot version: 0.117.0 (api) - DEBUG - GET to endpoint: friendships/3756434251/followers/?rank_token=27776086740_1eb343dd-2d83-4da6-a60e-24f63a3dd796&max_id=QVFEZmdFMUVqaFdzN0ZaTjZsS21WeVFDTm1EdWtHMWtFaG1SMzc2ZGRhRW1MWW05bTdGN2phWTMyRnlVNFFTd2EyR3RMbnZwSXNkX1JBTkZDMFZTc01kTA== returned response: <Response [200]>
2020-04-22 23:37:28,533 - instabot version: 0.117.0 (api) - DEBUG - GET to endpoint: friendships/3756434251/followers/?rank_token=27776086740_1eb343dd-2d83-4da6-a60e-24f63a3dd796&max_id=QVFESmJnbzA5Ulc5U1YxS3dFSkhRT3lNT29FSFZ3ejViWFJyYV9hWmR6WHN4a3Z6S1RzZUVGTkRveEJybG92MnZDVDJsZmo1ZjBUUDh4SmlwcC1EdmZTSg== returned response: <Response [200]>
2020-04-22 23:37:29,204 - instabot version: 0.117.0 (api) - DEBUG - GET to endpoint: friendships/3756434251/followers/?rank_token=27776086740_1eb343dd-2d83-4da6-a60e-24f63a3dd796&max_id=QVFCVGxIQmI4SHJtYmNpV1ZWNUNMOXdqLTh3cm1NUXdOYTNJa3g4eHNrcjhIdmVXOHgxcWJsXzRwOWw4S0U0YnBqVjlKeVdyVkNCZ0xjQ0dncGJkNE5wUA== returned response: <Response [200]>
2020-04-22 23:37:29,672 - instabot version: 0.117.0 (api) - DEBUG - GET to endpoint: friendships/3756434251/followers/?rank_token=27776086740_1eb343dd-2d83-4da6-a60e-24f63a3dd796&max_id=QVFDb2lfRmhvSzVpSXJRSENZX1E3d1JSbWxHS01tX1B3ZDFLN0VWS01BU1FnUjRLVC1uZGlXcXJQRmVPclpubm52WURUcmVHVFhhRVZTQXFJWmdTUVB6Ng== returned response: <Response [200]>
2020-04-22 23:37:30,162 - instabot version: 0.117.0 (api) - DEBUG - GET to endpoint: friendships/3756434251/followers/?rank_token=27776086740_1eb343dd-2d83-4da6-a60e-24f63a3dd796&max_id=QVFDZUpNUnpSWElNSDdEeEVBR2xUTHhtSVFIcnQ5SDNmeDNDN1JRLTZWRmI2Tmh2Tl9kTVhFbUxQeURwbzBoa1NQRlVlNTZ2ZFZTWXlHOFZsc2ZlSFZReg== returned response: <Response [200]>
2020-04-22 23:37:31,250 - instabot version: 0.117.0 (api) - DEBUG - GET to endpoint: friendships/3756434251/followers/?rank_token=27776086740_1eb343dd-2d83-4da6-a60e-24f63a3dd796&max_id=QVFCNWVScGpoeHZjaTF1N1hwRWxSdTFLSS1tTjI4YmdjOWt1N1A3TWtGaElLa3Q1Y2RKOEpUTmJBMWRGbDY0cUtfN2I1ZmJtNVlUdWxQRk05SmNDV1hBTg== returned response: <Response [200]>
2020-04-22 23:37:31,702 - instabot version: 0.117.0 (api) - DEBUG - GET to endpoint: friendships/3756434251/followers/?rank_token=27776086740_1eb343dd-2d83-4da6-a60e-24f63a3dd796&max_id=QVFEYVYxMDV0RVlsdWFPRjBVMXlNcGN4Qk8yUzFCc0o5MklxQ3RLbW5TbEEtR3p1d095RDNOc2lzNFU0clBfZFJyMjB1dHZOSElXd3NhNGZMUGFMcFFLQw== returned response: <Response [200]>
2020-04-22 23:37:32,162 - instabot version: 0.117.0 (api) - DEBUG - GET to endpoint: friendships/3756434251/followers/?rank_token=27776086740_1eb343dd-2d83-4da6-a60e-24f63a3dd796&max_id=QVFERzJkVnE0UEhPcTJfSjdBOHVubFI2bTBSQTNzRlgzbTdJcHBFSy1jM2RqXzhvV2FucEhQckNacUhaODhsUkZWU2ZSeVktM2JRcG1LNmpySkx2TDQzMg== returned response: <Response [200]>
2020-04-22 23:37:33,391 - instabot version: 0.117.0 (api) - DEBUG - GET to endpoint: friendships/3756434251/followers/?rank_token=27776086740_1eb343dd-2d83-4da6-a60e-24f63a3dd796&max_id=QVFCaTFEeTlYb3hmLW5ibGt5UFBYSzltN1JwbVNhMWhfZ29ESkUwSXk1aGcyVkp5SjVrQV9ON1hmQWUwdDc5VVhSaVlUeFhfQjE0STRiVUMyVkk5ZkNWYw== returned response: <Response [200]>
2020-04-22 23:37:33,860 - instabot version: 0.117.0 (api) - DEBUG - GET to endpoint: friendships/3756434251/followers/?rank_token=27776086740_1eb343dd-2d83-4da6-a60e-24f63a3dd796&max_id=QVFDQmhxMG94bVRTZWtTdDZJa3ZaX2dEY3U4WlBZb1Nsb1k5NmRnOTkwcUNGcmQ5T2JleTVTYnVRNE1BSFVlVVZhY0k0WG9PbmFfRW9PTDl1YWViSWM3bA== returned response: <Response [200]>
2020-04-22 23:37:34,642 - instabot version: 0.117.0 (api) - DEBUG - GET to endpoint: friendships/3756434251/followers/?rank_token=27776086740_1eb343dd-2d83-4da6-a60e-24f63a3dd796&max_id=QVFBWEtmZ1ZNbHJiWVRFVmI1TVlEYnRxTDc2R2xHYjBrYjhTT1JFZW1sS0xQMzE1SFZmR0tWRGprYUx4el9XZ1RqdzJxRUVQRHlOSDBoSFlOenBwWjltcg== returned response: <Response [200]>
2020-04-22 23:37:35,092 - instabot version: 0.117.0 (api) - DEBUG - GET to endpoint: friendships/3756434251/followers/?rank_token=27776086740_1eb343dd-2d83-4da6-a60e-24f63a3dd796&max_id=QVFCZlhvR05fUWQ1WEJwTzl1ZW0tOWFreFlvd2JRNjh5UHpSYmUtdW41TDhZZzd3bDF0dVRfNllwZHJOMzRHRGR0YWp4bmlqc2RQenItTFVpajhsbUhfSg== returned response: <Response [200]>
2020-04-22 23:37:36,176 - instabot version: 0.117.0 (api) - DEBUG - GET to endpoint: friendships/3756434251/followers/?rank_token=27776086740_1eb343dd-2d83-4da6-a60e-24f63a3dd796&max_id=QVFEZ0plbEdTWFZUb2NpOW9zb3ZfN3FscnEwV0M4ZWw0Zy1FUzJiR3hFNUdBQXBvTzl6cDRpMGRZbTZUaXJEa2tJdFI3bm1keGF5OGxweEFwSEItbHp0Xw== returned response: <Response [200]>
2020-04-22 23:37:36,640 - instabot version: 0.117.0 (api) - DEBUG - GET to endpoint: friendships/3756434251/followers/?rank_token=27776086740_1eb343dd-2d83-4da6-a60e-24f63a3dd796&max_id=QVFCdEwtWHRFX1pzTWl4VTBZcF9jd1Q2MmgtNEI1eGFLQlFEYXRUUXhFWHUxTjhfUzh5Y1RISzRaTGJPYWYxeFdDXzFmeC0xZjM4c2lHd2RIQndEQUFoRA== returned response: <Response [200]>
2020-04-22 23:37:37,189 - instabot version: 0.117.0 (api) - DEBUG - GET to endpoint: friendships/3756434251/followers/?rank_token=27776086740_1eb343dd-2d83-4da6-a60e-24f63a3dd796&max_id=QVFEX2lHRjNTbWI5TkNaTlBYbXhEQUxiV0k1RVlSRm5vN0RwOHdNeURwTFotSHRWeGNRZldTcTIyN293OGI0dXY5bEFmeUdnQlhNZy1lRzhwZjhyWUt3Qg== returned response: <Response [200]>
2020-04-22 23:37:38,288 - instabot version: 0.117.0 (api) - DEBUG - GET to endpoint: friendships/3756434251/followers/?rank_token=27776086740_1eb343dd-2d83-4da6-a60e-24f63a3dd796&max_id=QVFENkZXQUk1NkEwUU10VWdZbmswNUlBNzdNZEM3bnB3Wk95RW5ES0s5dWN6OS1icW50QnhjSTJuNS1FVmptOS1oRnRoUUF3WloyaEhNSWU4OTBVZkNFdw== returned response: <Response [200]>
2020-04-22 23:37:38,790 - instabot version: 0.117.0 (api) - DEBUG - GET to endpoint: friendships/3756434251/followers/?rank_token=27776086740_1eb343dd-2d83-4da6-a60e-24f63a3dd796&max_id=QVFEdE9NR1B0S0RmYld6UDNMTHBjTFhDZFNudE1qR0hmM2N3dGh3TXNWb1UxRF9COC00UWJkVERDOVVsTVVsRkVkRERGYlE5N2pQVU9lN3JLenNmdTF6Sg== returned response: <Response [200]>
2020-04-22 23:37:39,438 - instabot version: 0.117.0 (api) - DEBUG - GET to endpoint: friendships/3756434251/followers/?rank_token=27776086740_1eb343dd-2d83-4da6-a60e-24f63a3dd796&max_id=QVFDQ3NZb215dGZZWDYtWFR1b212MFpaN3ZfNW50SEtQWGZTYVAwdXlXOFFva0tDZWxNMjhDX0pBMUl6cFVnNWVJNGNsNTR3aHZWckJpc1hYVDlnOTQ5cg== returned response: <Response [200]>
2020-04-22 23:37:39,441 - instabot version: 0.117.0 (bot_checkpoint) - DEBUG - Saving Checkpoint file to: /home/soumya/Desktop/Python_Insta_botting/bot/config/photostockin.checkpoint
2020-04-22 23:37:39,441 - instabot version: 0.117.0 (bot) - INFO - Total requests: 110
