2020-04-18 10:55:51,621 - instabot version: 0.117.0 (bot) - INFO - Instabot version: 0.117.0 Started
2020-04-18 10:55:51,621 - instabot version: 0.117.0 (bot) - DEBUG - Bot imported from /home/soumya/.local/lib/python3.6/site-packages/instabot/bot/bot.py
2020-04-18 10:55:54,470 - instabot version: 0.117.0 (api_login) - DEBUG - Loading cookies
2020-04-18 10:55:54,471 - instabot version: 0.117.0 (api_login) - DEBUG - Loading uuids
2020-04-18 10:55:54,471 - instabot version: 0.117.0 (api_login) - INFO - Recovery from /home/soumya/Desktop/Python_Insta_botting/bot/config/photostockin_uuid_and_cookie.json: COOKIE True - UUIDs True - TIMING, DEVICE and ...
- user-agent=Instagram 117.0.0.28.123 Android (28/9.0; 420dpi; 1080x1920; OnePlus; ONEPLUS A3003; OnePlus3; qcom; en_US; 180322800)
- phone_id=4a283342-0992-473e-a76c-fcdd3f7cebe6
- uuid=1eb343dd-2d83-4da6-a60e-24f63a3dd796
- client_session_id=5ec4aad0-b7c8-47eb-b466-7fdfd98dac70
- device_id=android-8d90f1a7e493363f
2020-04-18 10:55:54,471 - instabot version: 0.117.0 (api_login) - INFO - LOGIN FLOW! Just logged-in: False
2020-04-18 10:55:56,075 - instabot version: 0.117.0 (api) - DEBUG - POST to endpoint: feed/timeline/ returned response: <Response [200]>
2020-04-18 10:55:56,590 - instabot version: 0.117.0 (api) - DEBUG - POST to endpoint: feed/reels_tray/ returned response: <Response [200]>
2020-04-18 10:55:56,592 - instabot version: 0.117.0 (api) - INFO - Logged-in successfully as 'photostockin'!
2020-04-18 10:55:56,593 - instabot version: 0.117.0 (bot_checkpoint) - DEBUG - Loading Checkpoint file from: /home/soumya/Desktop/Python_Insta_botting/bot/config/photostockin.checkpoint
2020-04-18 10:55:58,055 - instabot version: 0.117.0 (api) - DEBUG - GET to endpoint: users/aishik.acharyya/usernameinfo/ returned response: <Response [200]>
2020-04-18 10:56:00,102 - instabot version: 0.117.0 (api) - DEBUG - GET to endpoint: users/2026497078/info/ returned response: <Response [200]>
2020-04-18 10:56:00,574 - instabot version: 0.117.0 (api) - DEBUG - GET to endpoint: friendships/2026497078/followers/?rank_token=27776086740_1eb343dd-2d83-4da6-a60e-24f63a3dd796 returned response: <Response [200]>
2020-04-18 10:56:01,933 - instabot version: 0.117.0 (api) - DEBUG - GET to endpoint: friendships/2026497078/followers/?rank_token=27776086740_1eb343dd-2d83-4da6-a60e-24f63a3dd796&max_id=QVFDeUhGSkRMTzB3TUJ5MW5KdjFMalo3bHhjdG0ydHRHbUtzYU8zdkE1RGRjNFJlNGIwTnlMWGgtM3ZmbmZkZWRwbFdCN0xTZEVYYUNtb1h2OWJvRVU4dQ== returned response: <Response [200]>
2020-04-18 10:56:02,380 - instabot version: 0.117.0 (api) - DEBUG - GET to endpoint: friendships/2026497078/followers/?rank_token=27776086740_1eb343dd-2d83-4da6-a60e-24f63a3dd796&max_id=QVFDVTdmTVhKbmdfREdDejJZdEIzb2xtUlF6YVA1aVZSTFZKZmJ5eUNBTWpUVFpILWpqeUNGRmZwb2ZLVnp0Y2lKVU5EcmNNRFlXZWxUN25HaERMbkRTRQ== returned response: <Response [200]>
2020-04-18 10:56:03,114 - instabot version: 0.117.0 (api) - DEBUG - GET to endpoint: friendships/2026497078/followers/?rank_token=27776086740_1eb343dd-2d83-4da6-a60e-24f63a3dd796&max_id=QVFDZ0J6MUItX0RuUlNaRW1LcDcxNjBqMFhsUm5BaTB0a3VNeThxSUVlUlhUTTB6NUlpOXRsa05EM2E2a3N4cktHWUlwNGpsSUh1UWY0RXJQVi1EVkQwMQ== returned response: <Response [200]>
2020-04-18 10:56:05,138 - instabot version: 0.117.0 (api) - DEBUG - GET to endpoint: friendships/2026497078/followers/?rank_token=27776086740_1eb343dd-2d83-4da6-a60e-24f63a3dd796&max_id=QVFCS0pFa2JtUVFhRkRSbVJid3o0SVdZTV8ySXBiUzAwc1JSN3VZWDBaYUhzUVZyTGtGNWx0SGViM2ZLb3A0V2VGSmFSSDhEMUNsV1JsUWhHTUEtSGVmTA== returned response: <Response [200]>
2020-04-18 10:56:05,142 - instabot version: 0.117.0 (bot_checkpoint) - DEBUG - Saving Checkpoint file to: /home/soumya/Desktop/Python_Insta_botting/bot/config/photostockin.checkpoint
2020-04-18 10:56:05,143 - instabot version: 0.117.0 (bot) - INFO - Total requests: 47
