2020-04-18 10:55:22,155 - instabot version: 0.117.0 (bot) - INFO - Instabot version: 0.117.0 Started
2020-04-18 10:55:22,155 - instabot version: 0.117.0 (bot) - DEBUG - Bot imported from /home/soumya/.local/lib/python3.6/site-packages/instabot/bot/bot.py
2020-04-18 10:55:24,057 - instabot version: 0.117.0 (api_login) - DEBUG - Loading cookies
2020-04-18 10:55:24,058 - instabot version: 0.117.0 (api_login) - DEBUG - Loading uuids
2020-04-18 10:55:24,058 - instabot version: 0.117.0 (api_login) - INFO - Recovery from /home/soumya/Desktop/Python_Insta_botting/bot/config/photostockin_uuid_and_cookie.json: COOKIE True - UUIDs True - TIMING, DEVICE and ...
- user-agent=Instagram 117.0.0.28.123 Android (28/9.0; 420dpi; 1080x1920; OnePlus; ONEPLUS A3003; OnePlus3; qcom; en_US; 180322800)
- phone_id=4a283342-0992-473e-a76c-fcdd3f7cebe6
- uuid=1eb343dd-2d83-4da6-a60e-24f63a3dd796
- client_session_id=31dcb01b-fc27-421d-bf19-e773706806e4
- device_id=android-8d90f1a7e493363f
2020-04-18 10:55:24,058 - instabot version: 0.117.0 (api_login) - INFO - LOGIN FLOW! Just logged-in: False
2020-04-18 10:55:27,091 - instabot version: 0.117.0 (api) - DEBUG - POST to endpoint: feed/timeline/ returned response: <Response [200]>
2020-04-18 10:55:28,105 - instabot version: 0.117.0 (api) - DEBUG - POST to endpoint: feed/reels_tray/ returned response: <Response [200]>
2020-04-18 10:55:29,097 - instabot version: 0.117.0 (api) - DEBUG - POST to endpoint: direct_v2/ranked_recipients/ returned response: <Response [200]>
2020-04-18 10:55:29,495 - instabot version: 0.117.0 (api) - DEBUG - POST to endpoint: direct_v2/ranked_recipients/ returned response: <Response [200]>
2020-04-18 10:55:31,079 - instabot version: 0.117.0 (api) - DEBUG - POST to endpoint: direct_v2/inbox/ returned response: <Response [200]>
2020-04-18 10:55:31,518 - instabot version: 0.117.0 (api) - DEBUG - GET to endpoint: direct_v2/get_presence/ returned response: <Response [200]>
2020-04-18 10:55:33,031 - instabot version: 0.117.0 (api) - DEBUG - GET to endpoint: news/inbox/?limited_activity=true&show_su=true returned response: <Response [200]>
2020-04-18 10:55:34,949 - instabot version: 0.117.0 (api) - DEBUG - GET to endpoint: users/profile_notice/ returned response: <Response [200]>
2020-04-18 10:55:37,098 - instabot version: 0.117.0 (api) - DEBUG - POST to endpoint: discover/explore/ returned response: <Response [200]>
2020-04-18 10:55:37,102 - instabot version: 0.117.0 (api) - INFO - Logged-in successfully as 'photostockin'!
2020-04-18 10:55:37,102 - instabot version: 0.117.0 (bot_checkpoint) - DEBUG - Loading Checkpoint file from: /home/soumya/Desktop/Python_Insta_botting/bot/config/photostockin.checkpoint
2020-04-18 10:55:37,637 - instabot version: 0.117.0 (api) - DEBUG - GET to endpoint: users/aishik.acharyya/usernameinfo/ returned response: <Response [200]>
2020-04-18 10:55:38,888 - instabot version: 0.117.0 (api) - DEBUG - GET to endpoint: users/2026497078/info/ returned response: <Response [200]>
2020-04-18 10:55:38,889 - instabot version: 0.117.0 (bot_checkpoint) - DEBUG - Saving Checkpoint file to: /home/soumya/Desktop/Python_Insta_botting/bot/config/photostockin.checkpoint
2020-04-18 10:55:38,889 - instabot version: 0.117.0 (bot) - INFO - Total requests: 40
