2020-04-18 11:17:51,149 - instabot version: 0.117.0 (bot) - INFO - Instabot version: 0.117.0 Started
2020-04-18 11:17:51,150 - instabot version: 0.117.0 (bot) - DEBUG - Bot imported from /home/soumya/.local/lib/python3.6/site-packages/instabot/bot/bot.py
2020-04-18 11:17:54,635 - instabot version: 0.117.0 (api_login) - DEBUG - Loading cookies
2020-04-18 11:17:54,636 - instabot version: 0.117.0 (api_login) - DEBUG - Loading uuids
2020-04-18 11:17:54,636 - instabot version: 0.117.0 (api_login) - INFO - Recovery from /home/soumya/Desktop/Python_Insta_botting/bot/config/photostockin_uuid_and_cookie.json: COOKIE True - UUIDs True - TIMING, DEVICE and ...
- user-agent=Instagram 117.0.0.28.123 Android (28/9.0; 420dpi; 1080x1920; OnePlus; ONEPLUS A3003; OnePlus3; qcom; en_US; 180322800)
- phone_id=4a283342-0992-473e-a76c-fcdd3f7cebe6
- uuid=1eb343dd-2d83-4da6-a60e-24f63a3dd796
- client_session_id=5ec4aad0-b7c8-47eb-b466-7fdfd98dac70
- device_id=android-8d90f1a7e493363f
2020-04-18 11:17:54,636 - instabot version: 0.117.0 (api_login) - INFO - LOGIN FLOW! Just logged-in: False
2020-04-18 11:17:56,475 - instabot version: 0.117.0 (api) - DEBUG - POST to endpoint: feed/timeline/ returned response: <Response [200]>
2020-04-18 11:17:57,061 - instabot version: 0.117.0 (api) - DEBUG - POST to endpoint: feed/reels_tray/ returned response: <Response [200]>
2020-04-18 11:17:57,063 - instabot version: 0.117.0 (api) - INFO - Logged-in successfully as 'photostockin'!
2020-04-18 11:17:57,063 - instabot version: 0.117.0 (bot_checkpoint) - DEBUG - Loading Checkpoint file from: /home/soumya/Desktop/Python_Insta_botting/bot/config/photostockin.checkpoint
2020-04-18 11:17:57,585 - instabot version: 0.117.0 (api) - DEBUG - GET to endpoint: users/soumya_r0y/usernameinfo/ returned response: <Response [200]>
2020-04-18 11:17:59,690 - instabot version: 0.117.0 (api) - DEBUG - GET to endpoint: feed/user/374209837/?max_id=&min_timestamp=None&rank_token=27776086740_1eb343dd-2d83-4da6-a60e-24f63a3dd796&ranked_content=true returned response: <Response [200]>
2020-04-18 11:18:00,354 - instabot version: 0.117.0 (api) - DEBUG - GET to endpoint: feed/user/374209837/?max_id=2188511384996421307_374209837&min_timestamp=None&rank_token=27776086740_1eb343dd-2d83-4da6-a60e-24f63a3dd796&ranked_content=true returned response: <Response [200]>
2020-04-18 11:18:01,032 - instabot version: 0.117.0 (api) - DEBUG - GET to endpoint: feed/user/374209837/?max_id=2138625502349251575_374209837&min_timestamp=None&rank_token=27776086740_1eb343dd-2d83-4da6-a60e-24f63a3dd796&ranked_content=true returned response: <Response [200]>
2020-04-18 11:18:02,727 - instabot version: 0.117.0 (api) - DEBUG - GET to endpoint: feed/user/374209837/?max_id=2093048846809534097_374209837&min_timestamp=None&rank_token=27776086740_1eb343dd-2d83-4da6-a60e-24f63a3dd796&ranked_content=true returned response: <Response [200]>
2020-04-18 11:18:04,679 - instabot version: 0.117.0 (api) - DEBUG - GET to endpoint: feed/user/374209837/?max_id=2047416364085164214_374209837&min_timestamp=None&rank_token=27776086740_1eb343dd-2d83-4da6-a60e-24f63a3dd796&ranked_content=true returned response: <Response [200]>
2020-04-18 11:18:05,336 - instabot version: 0.117.0 (api) - DEBUG - GET to endpoint: feed/user/374209837/?max_id=1923417080374050417_374209837&min_timestamp=None&rank_token=27776086740_1eb343dd-2d83-4da6-a60e-24f63a3dd796&ranked_content=true returned response: <Response [200]>
2020-04-18 11:18:06,728 - instabot version: 0.117.0 (api) - DEBUG - GET to endpoint: feed/user/374209837/?max_id=1852430136419779204_374209837&min_timestamp=None&rank_token=27776086740_1eb343dd-2d83-4da6-a60e-24f63a3dd796&ranked_content=true returned response: <Response [200]>
2020-04-18 11:18:07,479 - instabot version: 0.117.0 (api) - DEBUG - GET to endpoint: feed/user/374209837/?max_id=1747136227537552774_374209837&min_timestamp=None&rank_token=27776086740_1eb343dd-2d83-4da6-a60e-24f63a3dd796&ranked_content=true returned response: <Response [200]>
2020-04-18 11:18:08,680 - instabot version: 0.117.0 (api) - DEBUG - GET to endpoint: feed/user/374209837/?max_id=1678085345261178149_374209837&min_timestamp=None&rank_token=27776086740_1eb343dd-2d83-4da6-a60e-24f63a3dd796&ranked_content=true returned response: <Response [200]>
2020-04-18 11:18:09,269 - instabot version: 0.117.0 (api) - DEBUG - GET to endpoint: feed/user/374209837/?max_id=1640710696693228851_374209837&min_timestamp=None&rank_token=27776086740_1eb343dd-2d83-4da6-a60e-24f63a3dd796&ranked_content=true returned response: <Response [200]>
2020-04-18 11:18:10,025 - instabot version: 0.117.0 (api) - DEBUG - GET to endpoint: feed/user/374209837/?max_id=1592974058622075636_374209837&min_timestamp=None&rank_token=27776086740_1eb343dd-2d83-4da6-a60e-24f63a3dd796&ranked_content=true returned response: <Response [200]>
2020-04-18 11:18:10,688 - instabot version: 0.117.0 (api) - DEBUG - GET to endpoint: feed/user/374209837/?max_id=1508703435822073074_374209837&min_timestamp=None&rank_token=27776086740_1eb343dd-2d83-4da6-a60e-24f63a3dd796&ranked_content=true returned response: <Response [200]>
2020-04-18 11:18:12,029 - instabot version: 0.117.0 (api) - DEBUG - GET to endpoint: feed/user/374209837/?max_id=1470799023799913733_374209837&min_timestamp=None&rank_token=27776086740_1eb343dd-2d83-4da6-a60e-24f63a3dd796&ranked_content=true returned response: <Response [200]>
2020-04-18 11:18:12,621 - instabot version: 0.117.0 (api) - DEBUG - GET to endpoint: feed/user/374209837/?max_id=1445146052529656533_374209837&min_timestamp=None&rank_token=27776086740_1eb343dd-2d83-4da6-a60e-24f63a3dd796&ranked_content=true returned response: <Response [200]>
2020-04-18 11:18:13,676 - instabot version: 0.117.0 (api) - DEBUG - GET to endpoint: feed/user/374209837/?max_id=1425532096144006174_374209837&min_timestamp=None&rank_token=27776086740_1eb343dd-2d83-4da6-a60e-24f63a3dd796&ranked_content=true returned response: <Response [200]>
2020-04-18 11:18:15,687 - instabot version: 0.117.0 (api) - DEBUG - GET to endpoint: feed/user/374209837/?max_id=1405910109738395314_374209837&min_timestamp=None&rank_token=27776086740_1eb343dd-2d83-4da6-a60e-24f63a3dd796&ranked_content=true returned response: <Response [200]>
2020-04-18 11:18:16,551 - instabot version: 0.117.0 (api) - DEBUG - GET to endpoint: feed/user/374209837/?max_id=1381053187084260289_374209837&min_timestamp=None&rank_token=27776086740_1eb343dd-2d83-4da6-a60e-24f63a3dd796&ranked_content=true returned response: <Response [200]>
2020-04-18 11:18:17,705 - instabot version: 0.117.0 (api) - DEBUG - GET to endpoint: feed/user/374209837/?max_id=1358689399051981157_374209837&min_timestamp=None&rank_token=27776086740_1eb343dd-2d83-4da6-a60e-24f63a3dd796&ranked_content=true returned response: <Response [200]>
2020-04-18 11:18:18,358 - instabot version: 0.117.0 (api) - DEBUG - GET to endpoint: feed/user/374209837/?max_id=1320320331512331533_374209837&min_timestamp=None&rank_token=27776086740_1eb343dd-2d83-4da6-a60e-24f63a3dd796&ranked_content=true returned response: <Response [200]>
2020-04-18 11:18:19,654 - instabot version: 0.117.0 (api) - DEBUG - GET to endpoint: feed/user/374209837/?max_id=1290344783495477546_374209837&min_timestamp=None&rank_token=27776086740_1eb343dd-2d83-4da6-a60e-24f63a3dd796&ranked_content=true returned response: <Response [200]>
2020-04-18 11:18:20,681 - instabot version: 0.117.0 (api) - DEBUG - GET to endpoint: feed/user/374209837/?max_id=1282510596574806754_374209837&min_timestamp=None&rank_token=27776086740_1eb343dd-2d83-4da6-a60e-24f63a3dd796&ranked_content=true returned response: <Response [200]>
2020-04-18 11:18:21,574 - instabot version: 0.117.0 (api) - DEBUG - GET to endpoint: feed/user/374209837/?max_id=1269026189667441105_374209837&min_timestamp=None&rank_token=27776086740_1eb343dd-2d83-4da6-a60e-24f63a3dd796&ranked_content=true returned response: <Response [200]>
2020-04-18 11:18:22,729 - instabot version: 0.117.0 (api) - DEBUG - GET to endpoint: feed/user/374209837/?max_id=1265272633374251755_374209837&min_timestamp=None&rank_token=27776086740_1eb343dd-2d83-4da6-a60e-24f63a3dd796&ranked_content=true returned response: <Response [200]>
2020-04-18 11:18:23,742 - instabot version: 0.117.0 (api) - DEBUG - GET to endpoint: feed/user/374209837/?max_id=1249903763306289363_374209837&min_timestamp=None&rank_token=27776086740_1eb343dd-2d83-4da6-a60e-24f63a3dd796&ranked_content=true returned response: <Response [200]>
2020-04-18 11:18:24,394 - instabot version: 0.117.0 (api) - DEBUG - GET to endpoint: feed/user/374209837/?max_id=1225227632150027056_374209837&min_timestamp=None&rank_token=27776086740_1eb343dd-2d83-4da6-a60e-24f63a3dd796&ranked_content=true returned response: <Response [200]>
2020-04-18 11:18:25,069 - instabot version: 0.117.0 (api) - DEBUG - GET to endpoint: feed/user/374209837/?max_id=1197935544257714786_374209837&min_timestamp=None&rank_token=27776086740_1eb343dd-2d83-4da6-a60e-24f63a3dd796&ranked_content=true returned response: <Response [200]>
2020-04-18 11:18:26,666 - instabot version: 0.117.0 (api) - DEBUG - GET to endpoint: feed/user/374209837/?max_id=1117141854795307552_374209837&min_timestamp=None&rank_token=27776086740_1eb343dd-2d83-4da6-a60e-24f63a3dd796&ranked_content=true returned response: <Response [200]>
2020-04-18 11:18:28,681 - instabot version: 0.117.0 (api) - DEBUG - GET to endpoint: feed/user/374209837/?max_id=1024565560770009571_374209837&min_timestamp=None&rank_token=27776086740_1eb343dd-2d83-4da6-a60e-24f63a3dd796&ranked_content=true returned response: <Response [200]>
2020-04-18 11:18:30,731 - instabot version: 0.117.0 (api) - DEBUG - GET to endpoint: feed/user/374209837/?max_id=995485173091638098_374209837&min_timestamp=None&rank_token=27776086740_1eb343dd-2d83-4da6-a60e-24f63a3dd796&ranked_content=true returned response: <Response [200]>
2020-04-18 11:18:31,338 - instabot version: 0.117.0 (api) - DEBUG - GET to endpoint: feed/user/374209837/?max_id=955143284056627523_374209837&min_timestamp=None&rank_token=27776086740_1eb343dd-2d83-4da6-a60e-24f63a3dd796&ranked_content=true returned response: <Response [200]>
2020-04-18 11:18:32,707 - instabot version: 0.117.0 (api) - DEBUG - GET to endpoint: feed/user/374209837/?max_id=912288179255220580_374209837&min_timestamp=None&rank_token=27776086740_1eb343dd-2d83-4da6-a60e-24f63a3dd796&ranked_content=true returned response: <Response [200]>
2020-04-18 11:18:33,149 - instabot version: 0.117.0 (api) - DEBUG - GET to endpoint: feed/user/374209837/?max_id=752763336093571629_374209837&min_timestamp=None&rank_token=27776086740_1eb343dd-2d83-4da6-a60e-24f63a3dd796&ranked_content=true returned response: <Response [200]>
2020-04-18 11:18:33,155 - instabot version: 0.117.0 (bot_photo) - INFO - Going to download 559 medias.
2020-04-18 11:18:37,673 - instabot version: 0.117.0 (api) - DEBUG - GET to endpoint: media/2282929932707587312_374209837/info/ returned response: <Response [200]>
2020-04-18 11:18:57,735 - instabot version: 0.117.0 (api) - DEBUG - GET to endpoint: media/2280757484368829457_374209837/info/ returned response: <Response [200]>
2020-04-18 11:19:11,688 - instabot version: 0.117.0 (api) - DEBUG - GET to endpoint: media/2258975436495048205_374209837/info/ returned response: <Response [200]>
