2020-04-18 11:02:22,413 - instabot version: 0.117.0 (bot) - INFO - Instabot version: 0.117.0 Started
2020-04-18 11:02:22,413 - instabot version: 0.117.0 (bot) - DEBUG - Bot imported from /home/soumya/.local/lib/python3.6/site-packages/instabot/bot/bot.py
2020-04-18 11:02:24,274 - instabot version: 0.117.0 (api_login) - DEBUG - Loading cookies
2020-04-18 11:02:24,274 - instabot version: 0.117.0 (api_login) - DEBUG - Loading uuids
2020-04-18 11:02:24,275 - instabot version: 0.117.0 (api_login) - INFO - Recovery from /home/soumya/Desktop/Python_Insta_botting/bot/config/photostockin_uuid_and_cookie.json: COOKIE True - UUIDs True - TIMING, DEVICE and ...
- user-agent=Instagram 117.0.0.28.123 Android (28/9.0; 420dpi; 1080x1920; OnePlus; ONEPLUS A3003; OnePlus3; qcom; en_US; 180322800)
- phone_id=4a283342-0992-473e-a76c-fcdd3f7cebe6
- uuid=1eb343dd-2d83-4da6-a60e-24f63a3dd796
- client_session_id=5ec4aad0-b7c8-47eb-b466-7fdfd98dac70
- device_id=android-8d90f1a7e493363f
2020-04-18 11:02:24,275 - instabot version: 0.117.0 (api_login) - INFO - LOGIN FLOW! Just logged-in: False
2020-04-18 11:02:25,597 - instabot version: 0.117.0 (api) - DEBUG - POST to endpoint: feed/timeline/ returned response: <Response [200]>
2020-04-18 11:02:26,202 - instabot version: 0.117.0 (api) - DEBUG - POST to endpoint: feed/reels_tray/ returned response: <Response [200]>
2020-04-18 11:02:26,204 - instabot version: 0.117.0 (api) - INFO - Logged-in successfully as 'photostockin'!
2020-04-18 11:02:26,204 - instabot version: 0.117.0 (bot_checkpoint) - DEBUG - Loading Checkpoint file from: /home/soumya/Desktop/Python_Insta_botting/bot/config/photostockin.checkpoint
2020-04-18 11:02:26,683 - instabot version: 0.117.0 (api) - DEBUG - GET to endpoint: users/shr5eya/usernameinfo/ returned response: <Response [200]>
2020-04-18 11:02:28,230 - instabot version: 0.117.0 (api) - DEBUG - GET to endpoint: users/1439888258/info/ returned response: <Response [200]>
2020-04-18 11:02:28,636 - instabot version: 0.117.0 (api) - DEBUG - GET to endpoint: friendships/1439888258/followers/?rank_token=27776086740_1eb343dd-2d83-4da6-a60e-24f63a3dd796 returned response: <Response [200]>
2020-04-18 11:02:28,638 - instabot version: 0.117.0 (bot_checkpoint) - DEBUG - Saving Checkpoint file to: /home/soumya/Desktop/Python_Insta_botting/bot/config/photostockin.checkpoint
2020-04-18 11:02:28,638 - instabot version: 0.117.0 (bot) - INFO - Total requests: 57
