Random number generated :  16
If you Like it , tag your friends in the comments: 
➖➖➖➖➖➖➖➖➖➖➖➖➖➖

for more such content Follow us @punny.sideup and share your ideas with #punnysideup
➖➖➖➖➖➖➖➖➖➖➖➖➖➖
•
•
•
•
•
#LaughSpreadLove #quotes #instagood #instadaily #fun #amazing #likeforlike #instalike #smile #follow4follow #friends
#Repost #followforfollow #igers #bollywood #laugh #india #maharashtra #likeforlikes #sarcastic #memes #art #insta
#tiktok #pune

  @pranitachaubey @santanu2998 @_shoppers1 @paeansarkar @dsatyaki
FOUND: w:1080 h:1080 r:1.0
Random number generated :  -4
Like it , Share it with your friends or tag them in the comments: 
➖➖➖➖➖➖➖➖➖➖➖➖➖➖
#punnysideup
➖➖➖➖➖➖➖➖➖➖➖➖➖➖
Follow us @punny.sideup for more
➖➖➖➖➖➖➖➖➖➖➖➖➖➖
•
•
•
•
•
#LaughSpreadLove #quotes #instagood #instadaily #fun #amazing #likeforlike #instalike #smile #follow4follow #friends
#Repost #followforfollow #igers #bollywood #kerala #fashion #maharashtra #likeforlikes #sarcastic #rajasthan #art #insta
#tiktok #pune

  @enchantress_diyaa @princeraziuddin @reesan_asfa @iavimanyu @barnali.saha
FOUND: w:1080 h:1080 r:1.0
Random number generated :  -15
Like it , Share it with your friends or tag them in the comments: 
➖➖➖➖➖➖➖➖➖➖➖➖➖➖
#punnysideup
➖➖➖➖➖➖➖➖➖➖➖➖➖➖
Follow us @punny.sideup for more
➖➖➖➖➖➖➖➖➖➖➖➖➖➖
•
•
•
•
•
#LaughSpreadLove #quotes #instagood #instadaily #fun #amazing #likeforlike #instalike #smile #follow4follow #friends
#Repost #followforfollow #igers #bollywood #kerala #fashion #maharashtra #likeforlikes #sarcastic #rajasthan #art #insta
#tiktok #pune

  @arvdsehra @sumitr841 @the_aditi_seng @xenon_blaze @sandip_dutta
FOUND: w:1080 h:1080 r:1.0
Random number generated :  -11
Like it , Share it with your friends or tag them in the comments: 
➖➖➖➖➖➖➖➖➖➖➖➖➖➖
#punnysideup
➖➖➖➖➖➖➖➖➖➖➖➖➖➖
Follow us @punny.sideup for more
➖➖➖➖➖➖➖➖➖➖➖➖➖➖
•
•
•
•
•
#LaughSpreadLove #quotes #instagood #instadaily #fun #amazing #likeforlike #instalike #smile #follow4follow #friends
#Repost #followforfollow #igers #bollywood #kerala #fashion #maharashtra #likeforlikes #sarcastic #rajasthan #art #insta
#tiktok #pune

  @tilotoma_jewellery @_inky_girl._ @_adityatripathi @sayak_rock_sarkar @jain.sanjay41
FOUND: w:1080 h:1080 r:1.0
